[debug] [2021-11-13T06:56:16.384Z] ----------------------------------------------------------------------
[debug] [2021-11-13T06:56:16.387Z] Command:       C:\Program Files\nodejs\node.exe C:\Users\Tauhidur Rahman\AppData\Roaming\npm\node_modules\firebase-tools\lib\bin\firebase.js deploy
[debug] [2021-11-13T06:56:16.387Z] CLI Version:   9.22.0
[debug] [2021-11-13T06:56:16.387Z] Platform:      win32
[debug] [2021-11-13T06:56:16.387Z] Node Version:  v16.9.1
[debug] [2021-11-13T06:56:16.388Z] Time:          Sat Nov 13 2021 12:56:16 GMT+0600 (Bangladesh Standard Time)
[debug] [2021-11-13T06:56:16.389Z] ----------------------------------------------------------------------
[debug] 
[debug] [2021-11-13T06:56:16.463Z] > command requires scopes: ["email","openid","https://www.googleapis.com/auth/cloudplatformprojects.readonly","https://www.googleapis.com/auth/firebase","https://www.googleapis.com/auth/cloud-platform"]
[debug] [2021-11-13T06:56:16.463Z] > authorizing via signed-in user (tauhidurr102@gmail.com)
[debug] [2021-11-13T06:56:16.463Z] [iam] checking project shop-bd-b9531 for permissions ["firebase.projects.get","firebasehosting.sites.update"]
[debug] [2021-11-13T06:56:16.466Z] > refreshing access token with scopes: ["email","https://www.googleapis.com/auth/cloud-platform","https://www.googleapis.com/auth/cloudplatformprojects.readonly","https://www.googleapis.com/auth/firebase","openid"]
[debug] [2021-11-13T06:56:16.466Z] >>> HTTP REQUEST POST https://www.googleapis.com/oauth2/v3/token  
 <request body omitted>
[debug] [2021-11-13T06:56:16.731Z] <<< HTTP RESPONSE 200 {"cache-control":"no-cache, no-store, max-age=0, must-revalidate","date":"Sat, 13 Nov 2021 06:56:14 GMT","pragma":"no-cache","expires":"Mon, 01 Jan 1990 00:00:00 GMT","content-type":"application/json; charset=utf-8","vary":"X-Origin, Referer, Origin,Accept-Encoding","server":"scaffolding on HTTPServer2","x-xss-protection":"0","x-frame-options":"SAMEORIGIN","x-content-type-options":"nosniff","alt-svc":"clear","accept-ranges":"none","transfer-encoding":"chunked"}
[debug] [2021-11-13T06:56:16.874Z] >>> HTTP REQUEST POST https://cloudresourcemanager.googleapis.com/v1/projects/shop-bd-b9531:testIamPermissions  
 {"permissions":["firebase.projects.get","firebasehosting.sites.update"]}
[debug] [2021-11-13T06:56:18.569Z] <<< HTTP RESPONSE 200 {"content-type":"application/json; charset=UTF-8","vary":"X-Origin, Referer, Origin,Accept-Encoding","date":"Sat, 13 Nov 2021 06:56:16 GMT","server":"ESF","cache-control":"private","x-xss-protection":"0","x-frame-options":"SAMEORIGIN","x-content-type-options":"nosniff","server-timing":"gfet4t7; dur=1159","alt-svc":"clear","accept-ranges":"none","transfer-encoding":"chunked"}
[debug] [2021-11-13T06:56:18.575Z] > refreshing access token with scopes: []
[debug] [2021-11-13T06:56:18.575Z] >>> HTTP REQUEST POST https://www.googleapis.com/oauth2/v3/token  
 <request body omitted>
[debug] [2021-11-13T06:56:18.769Z] <<< HTTP RESPONSE 200 {"expires":"Mon, 01 Jan 1990 00:00:00 GMT","cache-control":"no-cache, no-store, max-age=0, must-revalidate","date":"Sat, 13 Nov 2021 06:56:16 GMT","pragma":"no-cache","content-type":"application/json; charset=utf-8","vary":"X-Origin, Referer, Origin,Accept-Encoding","server":"scaffolding on HTTPServer2","x-xss-protection":"0","x-frame-options":"SAMEORIGIN","x-content-type-options":"nosniff","alt-svc":"clear","accept-ranges":"none","transfer-encoding":"chunked"}
[debug] [2021-11-13T06:56:18.972Z] >>> [apiv2][query] GET https://firebase.googleapis.com/v1beta1/projects/shop-bd-b9531 [none]
[debug] [2021-11-13T06:56:19.500Z] <<< [apiv2][status] GET https://firebase.googleapis.com/v1beta1/projects/shop-bd-b9531 200
[debug] [2021-11-13T06:56:19.501Z] <<< [apiv2][body] GET https://firebase.googleapis.com/v1beta1/projects/shop-bd-b9531 {"projectId":"shop-bd-b9531","projectNumber":"290908149176","displayName":"Shop-BD","name":"projects/shop-bd-b9531","resources":{"hostingSite":"shop-bd-b9531"},"state":"ACTIVE"}
[info] 
[info] === Deploying to 'shop-bd-b9531'...
[info] 
[info] i  deploying hosting 
[debug] [2021-11-13T06:56:19.519Z] > refreshing access token with scopes: ["email","https://www.googleapis.com/auth/cloud-platform","https://www.googleapis.com/auth/cloudplatformprojects.readonly","https://www.googleapis.com/auth/firebase","openid"]
[debug] [2021-11-13T06:56:19.520Z] >>> HTTP REQUEST POST https://www.googleapis.com/oauth2/v3/token  
 <request body omitted>
[debug] [2021-11-13T06:56:20.112Z] <<< HTTP RESPONSE 200 {"expires":"Mon, 01 Jan 1990 00:00:00 GMT","pragma":"no-cache","cache-control":"no-cache, no-store, max-age=0, must-revalidate","date":"Sat, 13 Nov 2021 06:56:18 GMT","content-type":"application/json; charset=utf-8","vary":"X-Origin, Referer, Origin,Accept-Encoding","server":"scaffolding on HTTPServer2","x-xss-protection":"0","x-frame-options":"SAMEORIGIN","x-content-type-options":"nosniff","alt-svc":"clear","accept-ranges":"none","transfer-encoding":"chunked"}
[debug] [2021-11-13T06:56:20.238Z] >>> HTTP REQUEST POST https://firebasehosting.googleapis.com/v1beta1/sites/shop-bd-b9531/versions  
 {"config":{"rewrites":[{"glob":"**","path":"/index.html"}]},"labels":{"deployment-tool":"cli-firebase"}}
[debug] [2021-11-13T06:56:22.559Z] <<< HTTP RESPONSE 200 {"content-type":"application/json; charset=UTF-8","vary":"X-Origin, Referer, Origin,Accept-Encoding","date":"Sat, 13 Nov 2021 06:56:20 GMT","server":"ESF","cache-control":"private","x-xss-protection":"0","x-frame-options":"SAMEORIGIN","x-content-type-options":"nosniff","alt-svc":"clear","accept-ranges":"none","transfer-encoding":"chunked"}
[info] i  hosting[shop-bd-b9531]: beginning deploy... 
[info] i  hosting[shop-bd-b9531]: found 1 files in build 
[debug] [2021-11-13T06:56:22.602Z] [hosting] hash cache [YnVpbGQ] not populated
[debug] [2021-11-13T06:56:22.621Z] > refreshing access token with scopes: []
[debug] [2021-11-13T06:56:22.622Z] >>> HTTP REQUEST POST https://www.googleapis.com/oauth2/v3/token  
 <request body omitted>
[debug] [2021-11-13T06:56:22.627Z] [hosting] hash cache [YnVpbGQ] stored for 1 files
[debug] [2021-11-13T06:56:22.628Z] [hosting][hash queue][FINAL] {"max":15,"min":15,"avg":15,"active":0,"complete":1,"success":1,"errored":0,"retried":0,"total":1,"elapsed":24}
[debug] [2021-11-13T06:56:22.820Z] <<< HTTP RESPONSE 200 {"cache-control":"no-cache, no-store, max-age=0, must-revalidate","date":"Sat, 13 Nov 2021 06:56:20 GMT","expires":"Mon, 01 Jan 1990 00:00:00 GMT","pragma":"no-cache","content-type":"application/json; charset=utf-8","vary":"X-Origin, Referer, Origin,Accept-Encoding","server":"scaffolding on HTTPServer2","x-xss-protection":"0","x-frame-options":"SAMEORIGIN","x-content-type-options":"nosniff","alt-svc":"clear","accept-ranges":"none","transfer-encoding":"chunked"}
[debug] [2021-11-13T06:56:22.968Z] >>> [apiv2][query] POST https://firebasehosting.googleapis.com/v1beta1/sites/shop-bd-b9531/versions/752dfbff8f67dc6a:populateFiles [none]
[debug] [2021-11-13T06:56:22.968Z] >>> [apiv2][body] POST https://firebasehosting.googleapis.com/v1beta1/sites/shop-bd-b9531/versions/752dfbff8f67dc6a:populateFiles {"files":{"/index.html":"882cb52af5a705e4c512f9c34b629aff564327208cde5e0915e6ee54aea77933"}}
